[ 2015-08-12T11:09:13+08:00 ] 127.0.0.1 /product/
INFO: [ app_init ] --START--
INFO: Run Behavior\BuildLiteBehavior [ RunTime:0.000042s ]
INFO: [ app_init ] --END-- [ RunTime:0.009083s ]
INFO: [ app_begin ] --START--
INFO: Run Behavior\ReadHtmlCacheBehavior [ RunTime:0.018444s ]
INFO: [ app_begin ] --END-- [ RunTime:0.018645s ]
INFO: [ view_parse ] --START--
INFO: [ template_filter ] --START--
INFO: Run Behavior\ContentReplaceBehavior [ RunTime:0.000206s ]
INFO: [ template_filter ] --END-- [ RunTime:0.000398s ]
INFO: Run Behavior\ParseTemplateBehavior [ RunTime:0.108883s ]
INFO: [ view_parse ] --END-- [ RunTime:0.109088s ]
INFO: [ view_filter ] --START--
INFO: Run Behavior\WriteHtmlCacheBehavior [ RunTime:0.008997s ]
INFO: [ view_filter ] --END-- [ RunTime:0.009135s ]
INFO: [ app_end ] --START--
INFO: Run Behavior\ShowPageTraceBehavior [ RunTime:0.008671s ]
INFO: [ app_end ] --END-- [ RunTime:0.008781s ]

[ 2015-08-12T11:09:37+08:00 ] 127.0.0.1 /product/index.php/Home/salon/index.html
INFO: [ app_init ] --START--
INFO: Run Behavior\BuildLiteBehavior [ RunTime:0.000032s ]
INFO: [ app_init ] --END-- [ RunTime:0.000625s ]
INFO: [ app_begin ] --START--
INFO: Run Behavior\ReadHtmlCacheBehavior [ RunTime:0.000797s ]
INFO: [ app_begin ] --END-- [ RunTime:0.000938s ]
SQL: SHOW COLUMNS FROM `jr_salon` [ RunTime:0.0984s ]
SQL: SELECT * FROM `jr_salon`  [ RunTime:0.0015s ]
INFO: [ view_parse ] --START--
INFO: [ template_filter ] --START--
INFO: Run Behavior\ContentReplaceBehavior [ RunTime:0.000121s ]
INFO: [ template_filter ] --END-- [ RunTime:0.000272s ]
INFO: Run Behavior\ParseTemplateBehavior [ RunTime:0.091337s ]
INFO: [ view_parse ] --END-- [ RunTime:0.091542s ]
INFO: [ view_filter ] --START--
INFO: Run Behavior\WriteHtmlCacheBehavior [ RunTime:0.000576s ]
INFO: [ view_filter ] --END-- [ RunTime:0.000704s ]
INFO: [ app_end ] --START--
INFO: Run Behavior\ShowPageTraceBehavior [ RunTime:0.000804s ]
INFO: [ app_end ] --END-- [ RunTime:0.000937s ]

[ 2015-08-12T11:09:39+08:00 ] 127.0.0.1 /product/index.php/Home/salon/salon/id/1.html
INFO: [ app_init ] --START--
INFO: Run Behavior\BuildLiteBehavior [ RunTime:0.000030s ]
INFO: [ app_init ] --END-- [ RunTime:0.000558s ]
INFO: [ app_begin ] --START--
INFO: Run Behavior\ReadHtmlCacheBehavior [ RunTime:0.000779s ]
INFO: [ app_begin ] --END-- [ RunTime:0.000923s ]
SQL: SHOW COLUMNS FROM `jr_simg` [ RunTime:0.0377s ]
SQL: SELECT * FROM `jr_simg` WHERE ( sid=1 )  [ RunTime:0.0361s ]
SQL: SHOW COLUMNS FROM `jr_bimg` [ RunTime:0.0443s ]
SQL: SELECT * FROM `jr_bimg` WHERE ( sid=1 ) LIMIT 1   [ RunTime:0.0005s ]
INFO: [ view_parse ] --START--
INFO: [ template_filter ] --START--
INFO: Run Behavior\ContentReplaceBehavior [ RunTime:0.000116s ]
INFO: [ template_filter ] --END-- [ RunTime:0.000248s ]
INFO: Run Behavior\ParseTemplateBehavior [ RunTime:0.017205s ]
INFO: [ view_parse ] --END-- [ RunTime:0.017384s ]
INFO: [ view_filter ] --START--
INFO: Run Behavior\WriteHtmlCacheBehavior [ RunTime:0.000432s ]
INFO: [ view_filter ] --END-- [ RunTime:0.000544s ]
INFO: [ app_end ] --START--
INFO: Run Behavior\ShowPageTraceBehavior [ RunTime:0.000730s ]
INFO: [ app_end ] --END-- [ RunTime:0.000853s ]

